C:\Program Files (x86)\Microsoft Visual Studio\2019\Community\MSBuild\Microsoft\VC\v160\Microsoft.CppBuild.targets(491,5): warning MSB8028: промежуточный каталог (x64\Debug\) содержит файлы, которые используются совместно с другим проектом (Lab14.vcxproj).  Это может привести к ошибкам очистки и перестроения.
  main.cpp
C:\Users\1\Desktop\Tank\Tank\main.cpp(73,26): warning C4244: +=: преобразование "double" в "T", возможна потеря данных
          with
          [
              T=float
          ]
C:\Users\1\Desktop\Tank\Tank\main.cpp(74,28): warning C4244: +=: преобразование "double" в "T", возможна потеря данных
          with
          [
              T=float
          ]
C:\Users\1\Desktop\Tank\Tank\main.cpp(75,26): warning C4244: +=: преобразование "double" в "T", возможна потеря данных
          with
          [
              T=float
          ]
C:\Users\1\Desktop\Tank\Tank\main.cpp(76,28): warning C4244: +=: преобразование "double" в "T", возможна потеря данных
          with
          [
              T=float
          ]
C:\Users\1\Desktop\Tank\Tank\main.cpp(98,27): warning C4244: +=: преобразование "double" в "T", возможна потеря данных
          with
          [
              T=float
          ]
C:\Users\1\Desktop\Tank\Tank\main.cpp(99,29): warning C4244: +=: преобразование "double" в "T", возможна потеря данных
          with
          [
              T=float
          ]
C:\Users\1\Desktop\Tank\Tank\main.cpp(100,27): warning C4244: +=: преобразование "double" в "T", возможна потеря данных
          with
          [
              T=float
          ]
C:\Users\1\Desktop\Tank\Tank\main.cpp(101,29): warning C4244: +=: преобразование "double" в "T", возможна потеря данных
          with
          [
              T=float
          ]
C:\Users\1\Desktop\Tank\Tank\main.cpp(123,28): warning C4244: +=: преобразование "double" в "T", возможна потеря данных
          with
          [
              T=float
          ]
C:\Users\1\Desktop\Tank\Tank\main.cpp(124,30): warning C4244: +=: преобразование "double" в "T", возможна потеря данных
          with
          [
              T=float
          ]
C:\Users\1\Desktop\Tank\Tank\main.cpp(125,28): warning C4244: +=: преобразование "double" в "T", возможна потеря данных
          with
          [
              T=float
          ]
C:\Users\1\Desktop\Tank\Tank\main.cpp(126,30): warning C4244: +=: преобразование "double" в "T", возможна потеря данных
          with
          [
              T=float
          ]
C:\Users\1\Desktop\Tank\Tank\main.cpp(148,28): warning C4244: +=: преобразование "double" в "T", возможна потеря данных
          with
          [
              T=float
          ]
C:\Users\1\Desktop\Tank\Tank\main.cpp(149,30): warning C4244: +=: преобразование "double" в "T", возможна потеря данных
          with
          [
              T=float
          ]
C:\Users\1\Desktop\Tank\Tank\main.cpp(150,28): warning C4244: +=: преобразование "double" в "T", возможна потеря данных
          with
          [
              T=float
          ]
C:\Users\1\Desktop\Tank\Tank\main.cpp(151,30): warning C4244: +=: преобразование "double" в "T", возможна потеря данных
          with
          [
              T=float
          ]
C:\Users\1\Desktop\Tank\Tank\main.cpp(653,52): warning C4267: аргумент: преобразование из "size_t" в "GLsizei"; возможна потеря данных
C:\Users\1\Desktop\Tank\Tank\main.cpp(705,60): warning C4267: аргумент: преобразование из "size_t" в "GLsizei"; возможна потеря данных
C:\Users\1\Desktop\Tank\Tank\main.cpp(757,46): warning C4267: аргумент: преобразование из "size_t" в "GLsizei"; возможна потеря данных
C:\Users\1\Desktop\Tank\Tank\main.cpp(809,46): warning C4267: аргумент: преобразование из "size_t" в "GLsizei"; возможна потеря данных
C:\Users\1\Desktop\Tank\Tank\main.cpp(861,46): warning C4267: аргумент: преобразование из "size_t" в "GLsizei"; возможна потеря данных
C:\Users\1\Desktop\Tank\Tank\main.cpp(913,46): warning C4267: аргумент: преобразование из "size_t" в "GLsizei"; возможна потеря данных
C:\Users\1\Desktop\Tank\Tank\main.cpp(995,15): warning C4244: аргумент: преобразование "time_t" в "unsigned int", возможна потеря данных
C:\Users\1\Desktop\Tank\Tank\main.cpp(1041,37): warning C4244: -=: преобразование "double" в "GLfloat", возможна потеря данных
C:\Users\1\Desktop\Tank\Tank\main.cpp(1045,39): warning C4244: +=: преобразование "double" в "GLfloat", возможна потеря данных
C:\Users\1\Desktop\Tank\Tank\main.cpp(1051,33): warning C4244: +=: преобразование "double" в "GLfloat", возможна потеря данных
C:\Users\1\Desktop\Tank\Tank\main.cpp(1052,33): warning C4244: -=: преобразование "double" в "GLfloat", возможна потеря данных
C:\Users\1\Desktop\Tank\Tank\main.cpp(1058,33): warning C4244: -=: преобразование "double" в "GLfloat", возможна потеря данных
C:\Users\1\Desktop\Tank\Tank\main.cpp(1059,33): warning C4244: -=: преобразование "double" в "GLfloat", возможна потеря данных
  obj-parser.cpp
  Создание кода...
  Tank.vcxproj -> C:\Users\1\Desktop\Tank\x64\Debug\Tank.exe
